TN:
SF:src/services/lessons/CreateLessonService.ts
FN:13,CreateClassService
FN:17,Object.<anonymous>.CreateClassService.execute
FNF:2
FNH:2
FNDA:2,CreateClassService
FNDA:2,Object.<anonymous>.CreateClassService.execute
DA:1,1
DA:2,1
DA:3,1
DA:4,1
DA:5,1
DA:6,1
DA:7,1
DA:8,1
DA:9,1
DA:10,1
DA:11,2
DA:12,2
DA:13,2
DA:14,2
DA:15,2
DA:16,2
DA:17,2
DA:18,2
DA:19,2
DA:20,2
DA:21,2
DA:22,2
DA:23,2
DA:24,2
DA:25,2
DA:26,2
DA:27,2
DA:28,2
DA:29,2
DA:30,2
DA:31,1
DA:32,1
LF:32
LH:32
BRDA:11,0,0,2
BRDA:13,1,0,2
BRDA:17,2,0,2
BRF:3
BRH:3
end_of_record
TN:
SF:src/services/lessons/DeleteLessonService.ts
FN:7,DeleteLessonService
FN:11,Object.<anonymous>.DeleteLessonService.execute
FNF:2
FNH:2
FNDA:1,DeleteLessonService
FNDA:1,Object.<anonymous>.DeleteLessonService.execute
DA:1,1
DA:2,1
DA:3,1
DA:4,1
DA:5,1
DA:6,1
DA:7,1
DA:8,1
DA:9,1
DA:10,1
DA:11,1
DA:12,1
DA:13,1
DA:14,1
DA:15,1
DA:16,0
DA:17,0
DA:18,1
DA:19,1
DA:20,1
DA:21,1
DA:22,1
DA:23,1
LF:23
LH:21
BRDA:5,0,0,1
BRDA:7,1,0,1
BRDA:11,2,0,1
BRDA:13,3,0,1
BRDA:15,4,0,0
BRF:5
BRH:4
end_of_record
TN:
SF:src/services/lessons/ListLessonService.ts
FN:6,ListLessonService
FN:10,Object.<anonymous>.ListLessonService.execute
FNF:2
FNH:2
FNDA:2,ListLessonService
FNDA:2,Object.<anonymous>.ListLessonService.execute
DA:1,1
DA:2,1
DA:3,1
DA:4,2
DA:5,2
DA:6,2
DA:7,2
DA:8,2
DA:9,2
DA:10,2
DA:11,2
DA:12,2
DA:13,2
DA:14,2
DA:15,2
DA:16,2
DA:17,1
DA:18,1
LF:18
LH:18
BRDA:4,0,0,2
BRDA:6,1,0,2
BRDA:10,2,0,2
BRDA:12,3,0,2
BRF:4
BRH:4
end_of_record
TN:
SF:src/services/lessons/UpdateLessonService.ts
FN:1,(empty-report)
FNF:1
FNH:0
FNDA:0,(empty-report)
DA:1,0
DA:2,0
DA:3,0
DA:4,0
DA:5,0
DA:6,0
DA:7,0
DA:8,0
DA:9,0
DA:10,0
DA:11,0
DA:12,0
DA:13,0
DA:14,0
DA:15,0
DA:16,0
DA:17,0
DA:18,0
DA:19,0
DA:20,0
DA:21,0
DA:22,0
DA:23,0
DA:24,0
DA:25,0
DA:26,0
DA:27,0
DA:28,0
DA:29,0
DA:30,0
DA:31,0
DA:32,0
DA:33,0
LF:33
LH:0
BRDA:1,0,0,0
BRF:1
BRH:0
end_of_record
TN:
SF:src/services/modules/CreateModuleService.ts
FN:12,CreateModuleService
FN:16,Object.<anonymous>.CreateModuleService.execute
FNF:2
FNH:2
FNDA:2,CreateModuleService
FNDA:2,Object.<anonymous>.CreateModuleService.execute
DA:1,1
DA:2,1
DA:3,1
DA:4,1
DA:5,1
DA:6,1
DA:7,1
DA:8,1
DA:9,1
DA:10,2
DA:11,2
DA:12,2
DA:13,2
DA:14,2
DA:15,2
DA:16,2
DA:17,2
DA:18,2
DA:19,2
DA:20,2
DA:21,2
DA:22,2
DA:23,2
DA:24,2
DA:25,2
DA:26,2
DA:27,1
DA:28,1
LF:28
LH:28
BRDA:10,0,0,2
BRDA:12,1,0,2
BRDA:16,2,0,2
BRDA:18,3,0,2
BRF:4
BRH:4
end_of_record
TN:
SF:src/services/modules/DeleteModuleService.ts
FN:7,DeleteModuleService
FN:11,Object.<anonymous>.DeleteModuleService.execute
FNF:2
FNH:2
FNDA:1,DeleteModuleService
FNDA:1,Object.<anonymous>.DeleteModuleService.execute
DA:1,1
DA:2,1
DA:3,1
DA:4,1
DA:5,1
DA:6,1
DA:7,1
DA:8,1
DA:9,1
DA:10,1
DA:11,1
DA:12,1
DA:13,1
DA:14,1
DA:15,1
DA:16,0
DA:17,0
DA:18,1
DA:19,1
DA:20,1
DA:21,1
DA:22,1
DA:23,1
LF:23
LH:21
BRDA:5,0,0,1
BRDA:7,1,0,1
BRDA:11,2,0,1
BRDA:13,3,0,1
BRDA:15,4,0,0
BRF:5
BRH:4
end_of_record
TN:
SF:src/services/modules/ListModuleService.ts
FN:6,ListModuleService
FN:10,Object.<anonymous>.ListModuleService.execute
FNF:2
FNH:2
FNDA:2,ListModuleService
FNDA:2,Object.<anonymous>.ListModuleService.execute
DA:1,1
DA:2,1
DA:3,1
DA:4,2
DA:5,2
DA:6,2
DA:7,2
DA:8,2
DA:9,2
DA:10,2
DA:11,2
DA:12,2
DA:13,2
DA:14,2
DA:15,2
DA:16,2
DA:17,1
DA:18,1
LF:18
LH:18
BRDA:4,0,0,2
BRDA:6,1,0,2
BRDA:10,2,0,2
BRDA:12,3,0,2
BRF:4
BRH:4
end_of_record
TN:
SF:src/services/modules/UpdateModuleService.ts
FN:1,(empty-report)
FNF:1
FNH:0
FNDA:0,(empty-report)
DA:1,0
DA:2,0
DA:3,0
DA:4,0
DA:5,0
DA:6,0
DA:7,0
DA:8,0
DA:9,0
DA:10,0
DA:11,0
DA:12,0
DA:13,0
DA:14,0
DA:15,0
DA:16,0
DA:17,0
DA:18,0
DA:19,0
DA:20,0
DA:21,0
DA:22,0
DA:23,0
DA:24,0
DA:25,0
DA:26,0
DA:27,0
DA:28,0
DA:29,0
LF:29
LH:0
BRDA:1,0,0,0
BRF:1
BRH:0
end_of_record
TN:
SF:src/services/users/AuthenticateUserService.ts
FN:22,AuthenticateUserService
FN:26,Object.<anonymous>.AuthenticateUserService.execute
FNF:2
FNH:2
FNDA:3,AuthenticateUserService
FNDA:3,Object.<anonymous>.AuthenticateUserService.execute
DA:1,1
DA:2,1
DA:3,1
DA:4,1
DA:5,1
DA:6,1
DA:7,1
DA:8,1
DA:9,1
DA:10,1
DA:11,1
DA:12,1
DA:13,1
DA:14,1
DA:15,1
DA:16,1
DA:17,1
DA:18,1
DA:19,1
DA:20,1
DA:21,1
DA:22,1
DA:23,3
DA:24,3
DA:25,1
DA:26,1
DA:27,3
DA:28,3
DA:29,3
DA:30,3
DA:31,1
DA:32,1
DA:33,2
DA:34,2
DA:35,3
DA:36,3
DA:37,1
DA:38,1
DA:39,1
DA:40,1
DA:41,1
DA:42,1
DA:43,1
DA:44,1
DA:45,1
DA:46,1
DA:47,1
DA:48,1
DA:49,1
DA:50,1
DA:51,3
DA:52,1
DA:53,1
DA:54,1
LF:54
LH:54
BRDA:20,0,0,1
BRDA:22,1,0,3
BRDA:26,2,0,3
BRDA:28,3,0,3
BRDA:30,4,0,1
BRDA:33,5,0,2
BRDA:36,6,0,1
BRF:7
BRH:7
end_of_record
TN:
SF:src/services/users/CreateUserService.ts
FN:18,CreateUserService
FN:22,Object.<anonymous>.CreateUserService.execute
FNF:2
FNH:2
FNDA:7,CreateUserService
FNDA:6,Object.<anonymous>.CreateUserService.execute
DA:1,1
DA:2,1
DA:3,1
DA:4,1
DA:5,1
DA:6,1
DA:7,1
DA:8,1
DA:9,1
DA:10,1
DA:11,1
DA:12,1
DA:13,1
DA:14,1
DA:15,1
DA:16,3
DA:17,3
DA:18,3
DA:19,7
DA:20,7
DA:21,3
DA:22,3
DA:23,6
DA:24,6
DA:25,6
DA:26,6
DA:27,1
DA:28,1
DA:29,5
DA:30,5
DA:31,6
DA:32,6
DA:33,6
DA:34,6
DA:35,6
DA:36,6
DA:37,6
DA:38,6
DA:39,6
DA:40,3
DA:41,1
DA:42,1
LF:42
LH:42
BRDA:16,0,0,3
BRDA:18,1,0,7
BRDA:22,2,0,6
BRDA:24,3,0,6
BRDA:26,4,0,1
BRDA:29,5,0,5
BRF:6
BRH:6
end_of_record
TN:
SF:src/services/users/DeleteUserService.ts
FN:8,DeleteUserService
FN:12,Object.<anonymous>.DeleteUserService.execute
FNF:2
FNH:2
FNDA:1,DeleteUserService
FNDA:1,Object.<anonymous>.DeleteUserService.execute
DA:1,1
DA:2,1
DA:3,1
DA:4,1
DA:5,1
DA:6,1
DA:7,1
DA:8,1
DA:9,1
DA:10,1
DA:11,1
DA:12,1
DA:13,1
DA:14,1
DA:15,1
DA:16,1
DA:17,0
DA:18,0
DA:19,1
DA:20,1
DA:21,1
DA:22,1
DA:23,1
DA:24,1
LF:24
LH:22
BRDA:6,0,0,1
BRDA:8,1,0,1
BRDA:12,2,0,1
BRDA:14,3,0,1
BRDA:16,4,0,0
BRDA:20,5,0,1
BRF:6
BRH:5
end_of_record
TN:
SF:src/services/users/ListUsersService.ts
FN:6,ListUserService
FN:10,Object.<anonymous>.ListUserService.execute
FNF:2
FNH:2
FNDA:4,ListUserService
FNDA:2,Object.<anonymous>.ListUserService.execute
DA:1,1
DA:2,1
DA:3,1
DA:4,3
DA:5,3
DA:6,3
DA:7,4
DA:8,4
DA:9,3
DA:10,3
DA:11,2
DA:12,2
DA:13,2
DA:14,2
DA:15,2
DA:16,3
DA:17,1
DA:18,1
LF:18
LH:18
BRDA:4,0,0,3
BRDA:6,1,0,4
BRDA:10,2,0,2
BRDA:12,3,0,2
BRF:4
BRH:4
end_of_record
TN:
SF:src/services/users/UpdateUserService.ts
FN:14,UpdateUserService
FN:19,Object.<anonymous>.UpdateUserService.execute
FNF:2
FNH:2
FNDA:2,UpdateUserService
FNDA:2,Object.<anonymous>.UpdateUserService.execute
DA:1,1
DA:2,1
DA:3,1
DA:4,1
DA:5,1
DA:6,1
DA:7,1
DA:8,1
DA:9,1
DA:10,1
DA:11,1
DA:12,1
DA:13,1
DA:14,1
DA:15,2
DA:16,2
DA:17,2
DA:18,1
DA:19,1
DA:20,2
DA:21,2
DA:22,2
DA:23,2
DA:24,1
DA:25,1
DA:26,1
DA:27,1
DA:28,2
DA:29,2
DA:30,0
DA:31,0
DA:32,2
DA:33,2
DA:34,2
DA:35,2
DA:36,2
DA:37,2
DA:38,2
DA:39,2
DA:40,1
DA:41,1
DA:42,1
LF:42
LH:40
BRDA:12,0,0,1
BRDA:14,1,0,2
BRDA:19,2,0,2
BRDA:21,3,0,2
BRDA:23,4,0,1
BRDA:29,5,0,0
BRF:6
BRH:5
end_of_record
